<?xml version="1.0" encoding="UTF-8"?>
<!-- Generated by org.testng.reporters.JUnitXMLReporter -->
<testsuite hostname="AmitDeep" ignored="0" name="Surefire test" tests="6" failures="0" timestamp="2021-06-10T19:32:35 IST" time="7.601" errors="0">
  <testcase name="show" time="7.549" classname="log4jdemo2.logTest"/>
  <testcase name="mobileapplogin" time="0.0" classname="Mvnjava1.AppiumTest"/>
  <testcase name="MBHLogin" time="0.0" classname="Mvnjava1.MBHloginTest"/>
  <testcase name="MBHLogout" time="0.0" classname="Mvnjava1.MBHloginTest"/>
  <testcase name="browseauto" time="0.001" classname="Mvnjava1.seleniumTest"/>
  <testcase name="elementui" time="0.001" classname="Mvnjava1.seleniumTest"/>
</testsuite> <!-- Surefire test -->
