<?xml version="1.0" encoding="UTF-8"?>
<!-- Generated by org.testng.reporters.JUnitXMLReporter -->
<testsuite hostname="AmitDeep" ignored="0" name="Test" tests="6" failures="0" timestamp="2021-06-10T19:33:59 IST" time="15.323" errors="0">
  <testcase name="browseauto" time="0.006" classname="Mvnjava1.seleniumTest"/>
  <testcase name="elementui" time="0.0" classname="Mvnjava1.seleniumTest"/>
  <testcase name="mobileapplogin" time="0.0" classname="Mvnjava1.AppiumTest"/>
  <testcase name="MBHLogin" time="0.0" classname="Mvnjava1.MBHloginTest"/>
  <testcase name="MBHLogout" time="0.0" classname="Mvnjava1.MBHloginTest"/>
  <testcase name="show" time="15.266" classname="log4jdemo2.logTest"/>
</testsuite> <!-- Test -->
