<?xml version="1.0" encoding="UTF-8"?>
<testsuite xmlns:xsi="http://www.w3.org/2001/XMLSchema-instance" xsi:noNamespaceSchemaLocation="https://maven.apache.org/surefire/maven-surefire-plugin/xsd/surefire-test-report-3.0.xsd" version="3.0" name="TestSuite" time="16.068" tests="6" errors="0" skipped="0" failures="0">
  <properties>
[...]
</properties>
  <testcase name="browseauto" classname="Mvnjava1.seleniumTest" time="0.006">
    <system-out><![CDATA[browseauto
]]></system-out>
  </testcase>
  <testcase name="elementui" classname="Mvnjava1.seleniumTest" time="0">
    <system-out><![CDATA[elementUI
]]></system-out>
  </testcase>
  <testcase name="mobileapplogin" classname="Mvnjava1.AppiumTest" time="0.001">
    <system-out><![CDATA[mobileloginsuccess
]]></system-out>
  </testcase>
  <testcase name="MBHLogin" classname="Mvnjava1.MBHloginTest" time="0.001">
    <system-out><![CDATA[MBHlogin
]]></system-out>
  </testcase>
  <testcase name="MBHLogout" classname="Mvnjava1.MBHloginTest" time="0">
    <system-out><![CDATA[MBHlogout
]]></system-out>
  </testcase>
  <testcase name="show" classname="log4jdemo2.logTest" time="15.278">
    <system-out><![CDATA[https://mvnrepository.com/
]]></system-out>
    <system-err><![CDATA[Starting ChromeDriver 90.0.4430.24 (4c6d850f087da467d926e8eddb76550aed655991-refs/branch-heads/4430@{#429}) on port 47054
Only local connections are allowed.
Please see https://chromedriver.chromium.org/security-considerations for suggestions on keeping ChromeDriver safe.
ChromeDriver was started successfully.
[1623333826.220][WARNING]: This version of ChromeDriver has not been tested with Chrome version 91.
Jun 10, 2021 7:33:46 PM org.openqa.selenium.remote.ProtocolHandshake createSession
INFO: Detected dialect: W3C
]]></system-err>
  </testcase>
</testsuite>