<?xml version="1.0" encoding="UTF-8"?>
<testng-results ignored="0" total="1" passed="1" failed="0" skipped="0">
  <reporter-output>
  </reporter-output>
  <suite started-at="2021-06-10T01:40:14 IST" name="Default suite" finished-at="2021-06-10T01:40:20 IST" duration-ms="5926">
    <groups>
    </groups>
    <test started-at="2021-06-10T01:40:14 IST" name="Default test" finished-at="2021-06-10T01:40:20 IST" duration-ms="5926">
      <class name="log4jdemo2.logtest">
        <test-method signature="show()[pri:1, instance:log4jdemo2.logtest@1ba9117e]" started-at="2021-06-10T01:40:14 IST" name="show" finished-at="2021-06-10T01:40:20 IST" duration-ms="5878" status="PASS">
          <reporter-output>
          </reporter-output>
        </test-method> <!-- show -->
      </class> <!-- log4jdemo2.logtest -->
    </test> <!-- Default test -->
  </suite> <!-- Default suite -->
</testng-results>
